<?xml version="1.0" encoding="UTF-8"?>
<!-- Generated by org.testng.reporters.JUnitReportReporter -->
<testsuite skipped="0" hostname="Kavya" name="basicTest.gmailTest" tests="1" failures="0" timestamp="19 Jul 2018 10:20:50 GMT" time="22.915" errors="0">
  <testcase name="login" time="22.915" classname="basicTest.gmailTest"/>
</testsuite> <!-- basicTest.gmailTest -->
