<?xml version="1.0" encoding="UTF-8"?>
<!-- Generated by org.testng.reporters.JUnitReportReporter -->
<testsuite skipped="0" hostname="Kavya" name="basicTest.gmailopen" tests="1" failures="0" timestamp="16 Jul 2018 11:30:37 GMT" time="0.044" errors="0">
  <testcase name="login" time="0.044" classname="basicTest.gmailopen"/>
</testsuite> <!-- basicTest.gmailopen -->
