<?xml version="1.0" encoding="UTF-8"?>
<!-- Generated by org.testng.reporters.JUnitReportReporter -->
<testsuite skipped="0" hostname="Kavya" name="basicTest.pomloginfacebooktest" tests="1" failures="0" timestamp="19 Jul 2018 05:47:09 GMT" time="41.826" errors="0">
  <testcase name="LoginFacebook" time="41.826" classname="basicTest.pomloginfacebooktest"/>
</testsuite> <!-- basicTest.pomloginfacebooktest -->
