<?xml version="1.0" encoding="UTF-8"?>
<!-- Generated by org.testng.reporters.JUnitReportReporter -->
<testsuite skipped="0" hostname="Kavya" name="com.qa.test.DemoTest" tests="1" failures="0" timestamp="22 Aug 2018 09:25:58 GMT" time="0.020" errors="0">
  <testcase name="test" time="0.020" classname="com.qa.test.DemoTest"/>
</testsuite> <!-- com.qa.test.DemoTest -->
